<?xml version="1.0" encoding="UTF-8"?>
<!-- Generated by org.testng.reporters.JUnitReportReporter -->
<testsuite skipped="0" hostname="DEEP" name="Academy.HomePage" tests="2" failures="0" timestamp="2020-03-19T00:38:46 IST" time="26.309" errors="0">
  <testcase name="basePageNavigation" time="10.510" classname="Academy.HomePage"/>
  <testcase name="basePageNavigation" time="15.799" classname="Academy.HomePage"/>
</testsuite> <!-- Academy.HomePage -->
